<?xml version="1.0" encoding="UTF-8"?>
<!-- Generated by org.testng.reporters.JUnitReportReporter -->
<testsuite hostname="DESKTOP-P7B0QUM" failures="0" tests="1" name="testCases.TC001_AccountRegistation_Test" time="3.146" errors="0" timestamp="2024-09-06T14:32:07 IST" skipped="0">
  <testcase classname="testCases.TC001_AccountRegistation_Test" name="AccountRegistationTest" time="3.146"/>
</testsuite> <!-- testCases.TC001_AccountRegistation_Test -->
