<?xml version="1.0" encoding="UTF-8"?>
<!-- Generated by org.testng.reporters.JUnitReportReporter -->
<testsuite hostname="DESKTOP-P7B0QUM" failures="0" tests="1" name="testBase.TC001_AccountRegistation_Test" time="1.836" errors="0" timestamp="2024-09-05T18:04:57 IST" skipped="0">
  <testcase classname="testBase.TC001_AccountRegistation_Test" name="testcase" time="1.836"/>
</testsuite> <!-- testBase.TC001_AccountRegistation_Test -->
