<?xml version="1.0" encoding="UTF-8"?>
<!-- Generated by org.testng.reporters.JUnitReportReporter -->
<testsuite hostname="DESKTOP-P7B0QUM" failures="0" tests="1" name="testCases.TC001_AccountRegistationTest" time="9.523" errors="0" timestamp="2024-09-09T18:17:45 IST" skipped="0">
  <testcase classname="testCases.TC001_AccountRegistationTest" name="AccountRegistationTest" time="9.523"/>
</testsuite> <!-- testCases.TC001_AccountRegistationTest -->
